Feature: The Women tab # features/features/Women_Tab/Women_Tab.feature:1

  Scena
  Scenario: User can navigate to T-Shirts page            # features/features/T_Shirts_Tab/T_Shirts_Tab.feature:3
    Given I have navigated to the main page               #    When I click on the WOMEN button                   # features/steps/Women_Tab/Women_Tab.py:14
    Then The page titled "Women - My Store" has loaded # common/then.py:12

  @test
  Scenario: User can navigate to Women/Tops page      # features/features/Women_Tab/Women_Tab.feature:10
    Given I have navigated to the main page           # common/given.py:12
    When I hover over the WOMEN button                # features/steps/Women_Tab/Women_Tab.py:19
    And I click on the TOPS header                    # features/steps/Women_Tab/Women_Tab.py:26
    Then The page titled "Tops - My Store" has loaded # common/then.py:12

  Then The page titled "Casual Dresses - My Store" has loaded # common/then.py:12

  Scenario: User can navigate to Evening Dresses page            # features/features/Dresses_Tab/Dresses_Tab.feature:17
    Given I have navigated to the main page                      # common/given.py:12
    When I click on the DRESSES button                           # features/steps/Dresses_Tab/Dresses_Tab.py:13
    And I click on the EVENING_DRESSES button                    # features/steps/Dresses_Tab/Dresses_Tab.py:23
    Then The page titled "Evening Dresses - My Store" has loaded # common/then.py:12

ine 21, in i_click_faded_tshirt_button
          presenceXP(context, e["faded_tshirt"])
        File "C:\01\shortcuts\ECs\ecs.py", line 9, in presenceXP
          return context.wait.until(EC.presence_of_element_located((By.XPATH, xpath)))
        File "c:\users\mbcx6ag2\appdata\local\programs\python\python37-32\lib\site-packages\selenium\webdriver\support\wait.py", line 80, in until
          raise TimeoutException(message, screen, stacktrace)
      selenium.common.exceptions.TimeoutException: Message: 
      
      
      Captured stdout:
      T-shirts - My Store
      T-shirts - My Store

    Then The page titled "Faded Short Sleeve T-shirts - My Store" has loaded # None

